c:\users\1301554\desktop\draftsmanne\draftsmanne\debug\draftsmanne.pch
c:\users\1301554\desktop\draftsmanne\draftsmanne\debug\vc120.pdb
c:\users\1301554\desktop\draftsmanne\draftsmanne\debug\vc120.idb
c:\users\1301554\desktop\draftsmanne\draftsmanne\debug\stdafx.obj
c:\users\1301554\desktop\draftsmanne\draftsmanne\debug\childfrm.obj
c:\users\1301554\desktop\draftsmanne\draftsmanne\debug\draftsmanne.obj
c:\users\1301554\desktop\draftsmanne\draftsmanne\debug\draftsmannedoc.obj
c:\users\1301554\desktop\draftsmanne\draftsmanne\debug\draftsmanneview.obj
c:\users\1301554\desktop\draftsmanne\draftsmanne\debug\mainfrm.obj
c:\users\1301554\desktop\draftsmanne\debug\draftsmanne.ilk
c:\users\1301554\desktop\draftsmanne\debug\draftsmanne.exe
c:\users\1301554\desktop\draftsmanne\debug\draftsmanne.pdb
c:\users\1301554\desktop\draftsmanne\draftsmanne\debug\draftsmanne.res
c:\users\1301554\desktop\draftsmanne\draftsmanne\debug\draftsmanne.tlog\cl.command.1.tlog
c:\users\1301554\desktop\draftsmanne\draftsmanne\debug\draftsmanne.tlog\cl.read.1.tlog
c:\users\1301554\desktop\draftsmanne\draftsmanne\debug\draftsmanne.tlog\cl.write.1.tlog
c:\users\1301554\desktop\draftsmanne\draftsmanne\debug\draftsmanne.tlog\link.command.1.tlog
c:\users\1301554\desktop\draftsmanne\draftsmanne\debug\draftsmanne.tlog\link.read.1.tlog
c:\users\1301554\desktop\draftsmanne\draftsmanne\debug\draftsmanne.tlog\link.write.1.tlog
c:\users\1301554\desktop\draftsmanne\draftsmanne\debug\draftsmanne.tlog\rc.command.1.tlog
c:\users\1301554\desktop\draftsmanne\draftsmanne\debug\draftsmanne.tlog\rc.read.1.tlog
c:\users\1301554\desktop\draftsmanne\draftsmanne\debug\draftsmanne.tlog\rc.write.1.tlog
