Build started 2.12.2015 11:39:38.
     1>Project "C:\Users\edu100\Desktop\Draftsmanne\Draftsmanne\Draftsmanne.vcxproj" on node 2 (Build target(s)).
     1>ClCompile:
         C:\Program Files (x86)\Microsoft Visual Studio 12.0\VC\bin\CL.exe /c /ZI /nologo /W3 /WX- /sdl /Od /Oy- /D WIN32 /D _WINDOWS /D _DEBUG /D _UNICODE /D UNICODE /D _AFXDLL /Gm /EHsc /RTC1 /MDd /GS /fp:precise /Zc:wchar_t /Zc:forScope /Fo"Debug\\" /Fd"Debug\vc120.pdb" /Gd /TP /analyze- /errorReport:prompt DraftsmanneDoc.cpp
         DraftsmanneDoc.cpp
       ResourceCompile:
         C:\Program Files (x86)\Windows Kits\8.1\bin\x86\rc.exe /D _DEBUG /D _UNICODE /D UNICODE /D _AFXDLL /l"0x0409" /IDebug\ /nologo /fo"Debug\Draftsmanne.res" Draftsmanne.rc 
       Link:
         C:\Program Files (x86)\Microsoft Visual Studio 12.0\VC\bin\link.exe /ERRORREPORT:PROMPT /OUT:"C:\Users\edu100\Desktop\Draftsmanne\Debug\Draftsmanne.exe" /INCREMENTAL /NOLOGO /MANIFEST /MANIFESTUAC:"level='asInvoker' uiAccess='false'" /manifest:embed /manifestinput:"C:\Program Files (x86)\Microsoft Visual Studio 12.0\VC\Include\Manifest\dpiaware.manifest" /DEBUG /PDB:"C:\Users\edu100\Desktop\Draftsmanne\Debug\Draftsmanne.pdb" /SUBSYSTEM:WINDOWS /TLBID:1 /ENTRY:"wWinMainCRTStartup" /DYNAMICBASE /NXCOMPAT /IMPLIB:"C:\Users\edu100\Desktop\Draftsmanne\Debug\Draftsmanne.lib" /MACHINE:X86 Debug\Draftsmanne.res
         Debug\ChildFrm.obj
         Debug\Circle.obj
         Debug\Color.obj
         Debug\Draftsmanne.obj
         Debug\DraftsmanneDoc.obj
         Debug\DraftsmanneView.obj
         Debug\Drawing.obj
         Debug\Figure.obj
         Debug\Line.obj
         Debug\MainFrm.obj
         Debug\Rectangle.obj
         Debug\stdafx.obj
         Debug\XY.obj
         LINK : C:\Users\edu100\Desktop\Draftsmanne\Debug\Draftsmanne.exe not found or not built by the last incremental link; performing full link
         Draftsmanne.vcxproj -> C:\Users\edu100\Desktop\Draftsmanne\Debug\Draftsmanne.exe
     1>Done Building Project "C:\Users\edu100\Desktop\Draftsmanne\Draftsmanne\Draftsmanne.vcxproj" (Build target(s)).

Build succeeded.

Time Elapsed 00:00:04.72
